level info: Mar-31-2024 14:05:20 	Server is running on 9000
level info: Mar-31-2024 14:05:20 	Mongoose is connected successfully
level info: Mar-31-2024 14:06:47 	Server is running on 9000
level info: Mar-31-2024 14:06:47 	Mongoose is connected successfully
level info: Mar-31-2024 14:07:12 	Server is running on 9000
level info: Mar-31-2024 14:07:12 	Mongoose is connected successfully
level info: Mar-31-2024 14:07:24 	Server is running on 9000
level info: Mar-31-2024 14:07:24 	Mongoose is connected successfully
level info: Mar-31-2024 14:08:08 	Server is running on 9000
level info: Mar-31-2024 14:08:08 	Mongoose is connected successfully
level info: Mar-31-2024 14:09:49 	Server is running on 9000
level info: Mar-31-2024 14:09:50 	Mongoose is connected successfully
level info: Mar-31-2024 14:10:10 	Server is running on 9000
level info: Mar-31-2024 14:10:10 	Mongoose is connected successfully
level error: Mar-31-2024 14:10:19 	info
level info: Mar-31-2024 14:10:19 	Mongoose is connected successfully
level error: Mar-31-2024 14:10:43 	Server is running on 9000
level info: Mar-31-2024 14:10:44 	Mongoose is connected successfully
level error: Mar-31-2024 14:11:15 	Server is running on 9000
level info: Mar-31-2024 14:11:15 	Mongoose is connected successfully
level info: Mar-31-2024 14:11:52 	Server is running on 9000
level info: Mar-31-2024 14:11:52 	Mongoose is connected successfully
level info: Mar-31-2024 14:14:10 	Server is running on 9000
level info: Mar-31-2024 14:14:10 	Mongoose is connected successfully
level info: Mar-31-2024 14:18:34 	Server is running on 9000
level info: Mar-31-2024 14:18:34 	Mongoose is connected successfully
level info: Mar-31-2024 17:32:14 	Server is running on 9000
level info: Mar-31-2024 17:32:14 	Mongoose is connected successfully
level info: Mar-31-2024 17:39:25 	Server is running on 9000
level info: Mar-31-2024 17:39:25 	Mongoose is connected successfully
level info: Mar-31-2024 17:51:05 	Server is running on 9000
level info: Mar-31-2024 17:51:05 	Mongoose is connected successfully
level info: Mar-31-2024 17:55:27 	Server is running on 9000
level info: Mar-31-2024 17:55:27 	Mongoose is connected successfully
level info: Mar-31-2024 17:56:10 	Server is running on 9000
level info: Mar-31-2024 17:56:10 	Mongoose is connected successfully
level info: Mar-31-2024 17:57:08 	Server is running on 9000
level info: Mar-31-2024 17:57:08 	Mongoose is connected successfully
level info: Mar-31-2024 18:01:15 	Server is running on 9000
level info: Mar-31-2024 18:01:16 	Mongoose is connected successfully
level info: Apr-01-2024 01:08:46 	Server is running on 9000
level info: Apr-01-2024 01:08:46 	Mongoose is connected successfully
level info: Apr-01-2024 01:10:57 	Server is running on 9000
level info: Apr-01-2024 01:10:57 	Mongoose is connected successfully
level info: Apr-01-2024 01:15:33 	Server is running on 9000
level info: Apr-01-2024 01:15:33 	Mongoose is connected successfully
level info: Apr-01-2024 01:16:09 	Server is running on 9000
level info: Apr-01-2024 01:16:10 	Mongoose is connected successfully
level info: Apr-01-2024 01:16:36 	Server is running on 9000
level info: Apr-01-2024 01:16:37 	Mongoose is connected successfully
level info: Apr-01-2024 01:16:42 	Server is running on 9000
level info: Apr-01-2024 01:16:42 	Mongoose is connected successfully
level info: Apr-01-2024 01:17:25 	Server is running on 9000
level info: Apr-01-2024 01:17:25 	Mongoose is connected successfully
level info: Apr-01-2024 01:18:58 	Server is running on 9000
level info: Apr-01-2024 01:18:58 	Mongoose is connected successfully
level info: Apr-01-2024 01:23:04 	Server is running on 9000
level info: Apr-01-2024 01:23:04 	Mongoose is connected successfully
level info: Apr-01-2024 01:28:25 	Server is running on 9000
level info: Apr-01-2024 01:28:25 	Mongoose is connected successfully
level info: Apr-01-2024 01:30:39 	Server is running on 9000
level info: Apr-01-2024 01:30:39 	Mongoose is connected successfully
level info: Apr-01-2024 01:31:33 	Server is running on 9000
level info: Apr-01-2024 01:31:33 	Mongoose is connected successfully
level info: Apr-01-2024 01:31:47 	Server is running on 9000
level info: Apr-01-2024 01:31:47 	Mongoose is connected successfully
level info: Apr-01-2024 01:34:14 	Server is running on 9000
level info: Apr-01-2024 01:34:14 	Mongoose is connected successfully
level info: Apr-01-2024 12:06:53 	Server is running on 9000
level info: Apr-01-2024 12:06:53 	Mongoose is connected successfully
level info: Apr-01-2024 12:09:06 	Server is running on 9000
level info: Apr-01-2024 12:09:06 	Mongoose is connected successfully
level info: Apr-01-2024 12:26:13 	Server is running on 9000
level info: Apr-01-2024 12:26:14 	Mongoose is connected successfully
level info: Apr-01-2024 12:26:20 	Server is running on 9000
level info: Apr-01-2024 12:26:21 	Mongoose is connected successfully
level info: Apr-01-2024 12:27:56 	Server is running on 9000
level info: Apr-01-2024 12:27:56 	Mongoose is connected successfully
level info: Apr-01-2024 17:26:40 	Server is running on 9000
level info: Apr-01-2024 17:26:40 	Mongoose is connected successfully
level info: Apr-01-2024 17:34:56 	Server is running on 9000
level info: Apr-01-2024 17:34:56 	Mongoose is connected successfully
level info: Apr-01-2024 17:45:20 	Server is running on 9000
level info: Apr-01-2024 17:45:20 	Mongoose is connected successfully
level info: Apr-01-2024 17:45:46 	Server is running on 9000
level info: Apr-01-2024 17:45:46 	Mongoose is connected successfully
level info: Apr-01-2024 23:20:18 	Server is running on 9000
level error: Apr-01-2024 23:20:48 	Mongoose Error!
level info: Apr-01-2024 23:30:12 	Server is running on 9000
level info: Apr-01-2024 23:30:13 	Mongoose is connected successfully
level info: Apr-01-2024 23:31:33 	Server is running on 9000
level info: Apr-01-2024 23:31:36 	Mongoose is connected successfully
level info: Apr-01-2024 23:33:05 	Server is running on 9000
level info: Apr-01-2024 23:33:07 	Mongoose is connected successfully
level info: Apr-01-2024 23:39:27 	Server is running on 9000
level info: Apr-01-2024 23:39:28 	Mongoose is connected successfully
level info: Apr-01-2024 23:48:18 	Server is running on 9000
level info: Apr-01-2024 23:48:19 	Mongoose is connected successfully
level info: Apr-01-2024 23:49:55 	Server is running on 9000
level info: Apr-01-2024 23:49:56 	Mongoose is connected successfully
level info: Apr-01-2024 23:55:33 	Server is running on 9000
level info: Apr-01-2024 23:55:33 	Mongoose is connected successfully
level info: Apr-01-2024 23:55:49 	Server is running on 9000
level info: Apr-01-2024 23:55:50 	Mongoose is connected successfully
level info: Apr-01-2024 23:57:02 	Server is running on 9000
level info: Apr-01-2024 23:57:03 	Mongoose is connected successfully
level info: Apr-01-2024 23:57:33 	Server is running on 9000
level info: Apr-01-2024 23:57:34 	Mongoose is connected successfully
level info: Apr-01-2024 23:59:54 	Server is running on 9000
level error: Apr-01-2024 23:59:55 	Mongoose Error!
level info: Apr-02-2024 00:01:15 	Server is running on 9000
level info: Apr-02-2024 00:01:15 	Mongoose is connected successfully
level info: Apr-02-2024 00:02:22 	Server is running on 9000
level info: Apr-02-2024 00:02:22 	Mongoose is connected successfully
level info: Apr-02-2024 00:10:20 	Server is running on 9000
level info: Apr-02-2024 00:10:21 	Mongoose is connected successfully
level info: Apr-02-2024 00:14:25 	Server is running on 9000
level info: Apr-02-2024 00:14:26 	Mongoose is connected successfully
level info: Apr-02-2024 00:16:51 	Server is running on 9000
level error: Apr-02-2024 00:17:21 	Mongoose Error!
level info: Apr-02-2024 00:19:23 	Server is running on 9000
level info: Apr-02-2024 00:19:23 	Mongoose is connected successfully
level info: Apr-02-2024 14:09:41 	Server is running on 9000
level info: Apr-02-2024 14:09:42 	Mongoose is connected successfully
level info: Apr-02-2024 14:16:42 	Server is running on 9000
level info: Apr-02-2024 14:16:44 	Mongoose is connected successfully
level info: Apr-02-2024 14:31:44 	Server is running on 9000
level info: Apr-02-2024 14:31:47 	Mongoose is connected successfully
level info: Apr-02-2024 14:32:01 	Server is running on 9000
level info: Apr-02-2024 14:32:02 	Mongoose is connected successfully
level info: Apr-02-2024 14:34:24 	Server is running on 9000
level info: Apr-02-2024 14:34:25 	Mongoose is connected successfully
level info: Apr-02-2024 14:45:12 	Server is running on 9000
level info: Apr-02-2024 14:45:13 	Mongoose is connected successfully
